[debug] [2025-09-20T21:34:54.485Z] ----------------------------------------------------------------------
[debug] [2025-09-20T21:34:54.488Z] Command:       /usr/local/bin/node /usr/local/bin/firebase init hosting
[debug] [2025-09-20T21:34:54.489Z] CLI Version:   14.17.0
[debug] [2025-09-20T21:34:54.489Z] Platform:      darwin
[debug] [2025-09-20T21:34:54.489Z] Node Version:  v22.19.0
[debug] [2025-09-20T21:34:54.489Z] Time:          Sat Sep 20 2025 14:34:54 GMT-0700 (Pacific Daylight Time)
[debug] [2025-09-20T21:34:54.489Z] ----------------------------------------------------------------------
[debug] 
[debug] [2025-09-20T21:34:54.560Z] > command requires scopes: ["email","openid","https://www.googleapis.com/auth/cloudplatformprojects.readonly","https://www.googleapis.com/auth/firebase","https://www.googleapis.com/auth/cloud-platform"]
[debug] [2025-09-20T21:34:54.560Z] > authorizing via signed-in user (info@londonheathrowresearchholdings.com)
[info] 
     ######## #### ########  ######## ########     ###     ######  ########
     ##        ##  ##     ## ##       ##     ##  ##   ##  ##       ##
     ######    ##  ########  ######   ########  #########  ######  ######
     ##        ##  ##    ##  ##       ##     ## ##     ##       ## ##
     ##       #### ##     ## ######## ########  ##     ##  ######  ########

You're about to initialize a Firebase project in this directory:

  /Users/e/Documents/GitHub/helloethan.info

Before we get started, keep in mind:

  * You are initializing within an existing Firebase project directory

[info] 
=== Project Setup
[info] 
[info] First, let's associate this project directory with a Firebase project.
[info] You can create multiple project aliases by running firebase use --add, 
[info] but for now we'll just set up a default project.
[info] 
[debug] [2025-09-20T21:34:54.561Z] Using project from CLI flag: helloethan-info
[debug] [2025-09-20T21:34:54.561Z] Checked if tokens are valid: true, expires at: 1758407601420
[debug] [2025-09-20T21:34:54.561Z] Checked if tokens are valid: true, expires at: 1758407601420
[debug] [2025-09-20T21:34:54.562Z] >>> [apiv2][query] GET https://firebase.googleapis.com/v1beta1/projects/helloethan-info [none]
[debug] [2025-09-20T21:34:55.212Z] <<< [apiv2][status] GET https://firebase.googleapis.com/v1beta1/projects/helloethan-info 200
[debug] [2025-09-20T21:34:55.212Z] <<< [apiv2][body] GET https://firebase.googleapis.com/v1beta1/projects/helloethan-info {"projectId":"helloethan-info","projectNumber":"146702361606","displayName":"helloethan-info","name":"projects/helloethan-info","resources":{"hostingSite":"helloethan-info"},"state":"ACTIVE","etag":"1_72bb0462-7bfe-43b1-abea-b634ca861473"}
[info] i  Using project helloethan-info (helloethan-info) 
[info] 
=== Hosting Setup
[debug] [2025-09-20T21:34:55.997Z] Checked if tokens are valid: true, expires at: 1758407601420
[debug] [2025-09-20T21:34:55.997Z] Checked if tokens are valid: true, expires at: 1758407601420
[debug] [2025-09-20T21:34:55.998Z] >>> [apiv2][query] GET https://firebase.googleapis.com/v1beta1/projects/helloethan-info [none]
[debug] [2025-09-20T21:34:56.283Z] <<< [apiv2][status] GET https://firebase.googleapis.com/v1beta1/projects/helloethan-info 200
[debug] [2025-09-20T21:34:56.283Z] <<< [apiv2][body] GET https://firebase.googleapis.com/v1beta1/projects/helloethan-info {"projectId":"helloethan-info","projectNumber":"146702361606","displayName":"helloethan-info","name":"projects/helloethan-info","resources":{"hostingSite":"helloethan-info"},"state":"ACTIVE","etag":"1_72bb0462-7bfe-43b1-abea-b634ca861473"}
[info] 
[info] Your public directory is the folder (relative to your project directory) that
[info] will contain Hosting assets to be uploaded with firebase deploy. If you
[info] have a build process for your assets, use your build's output directory.
[info] 
